<?xml version="1.0" encoding="UTF-8"?>
<!-- Generated by org.testng.reporters.JUnitReportReporter -->
<testsuite hostname="DELL3520I7" failures="0" tests="1" name="project_two.Test_two" time="0.239" errors="0" timestamp="2023-10-23T11:42:07 EET" skipped="0">
  <testcase classname="project_two.Test_two" name="mytest" time="0.239"/>
  <system-out/>
</testsuite> <!-- project_two.Test_two -->
